<?xml version="1.0" encoding="UTF-8"?>
<!-- Generated by org.testng.reporters.JUnitReportReporter -->
<testsuite hostname="LAPTOP-N7NAH9MI" failures="0" tests="1" name="demoblazeFramework.pages.storePage" time="4.032" errors="0" timestamp="2025-02-27T16:27:24 IST" skipped="0">
  <testcase classname="demoblazeFramework.pages.storePage" name="pageTitle" time="4.032"/>
  <system-out/>
</testsuite> <!-- demoblazeFramework.pages.storePage -->
