<?xml version="1.0" encoding="UTF-8"?>
<!-- Generated by org.testng.reporters.JUnitReportReporter -->
<testsuite hostname="LAPTOP-N7NAH9MI" failures="0" tests="1" name="demoblazeFramework.testcases.AddToCartDemoblaze" time="6.241" errors="0" timestamp="2025-02-28T13:51:13 IST" skipped="0">
  <testcase classname="demoblazeFramework.testcases.AddToCartDemoblaze" name="addingSingleProductToCart" time="6.241"/>
  <system-out/>
</testsuite> <!-- demoblazeFramework.testcases.AddToCartDemoblaze -->
