<?xml version="1.0" encoding="UTF-8"?>
<!-- Generated by org.testng.reporters.JUnitReportReporter -->
<testsuite hostname="LAPTOP-N7NAH9MI" failures="0" tests="1" name="demoblazeFramework.testcases.DeleteFromCartDemoblaze" time="7.173" errors="0" timestamp="2025-02-28T13:51:13 IST" skipped="0">
  <testcase classname="demoblazeFramework.testcases.DeleteFromCartDemoblaze" name="deletingSingleProductFromCart" time="7.173"/>
  <system-out/>
</testsuite> <!-- demoblazeFramework.testcases.DeleteFromCartDemoblaze -->
